<?xml version="1.0" encoding="UTF-8"?>
<!-- Generated by org.testng.reporters.JUnitReportReporter -->
<testsuite hostname="JohnSun" failures="0" tests="1" name="Code.TestCode" time="8.955" errors="0" timestamp="2024-02-28T01:34:14 IST" skipped="0">
  <testcase classname="Code.TestCode" name="startTest" time="8.955"/>
  <system-out/>
</testsuite> <!-- Code.TestCode -->
